[ 2017-07-12T11:49:21+08:00 ] ::1 /appapiheima4/index.php/appapiheima4/index.php/Admin/Index/index.html.html
INFO: [ app_init ] --START--
INFO: Run Behavior\BuildLiteBehavior [ RunTime:0.000013s ]
INFO: [ app_init ] --END-- [ RunTime:0.000338s ]
ERR: 无法加载模块:Appapiheima4

[ 2017-07-12T11:49:55+08:00 ] ::1 /appapiheima4/index.php/appapiheima4/index.php/Admin/Index/index.html.html
INFO: [ app_init ] --START--
INFO: Run Behavior\BuildLiteBehavior [ RunTime:0.000011s ]
INFO: [ app_init ] --END-- [ RunTime:0.000281s ]
ERR: 无法加载模块:Appapiheima4

[ 2017-07-12T11:50:30+08:00 ] ::1 /appapiheima4/index.php/appapiheima4/index.php/Admin/Index/index.html.html
INFO: [ app_init ] --START--
INFO: Run Behavior\BuildLiteBehavior [ RunTime:0.000014s ]
INFO: [ app_init ] --END-- [ RunTime:0.000470s ]
ERR: 无法加载模块:Appapiheima4

[ 2017-07-12T15:22:40+08:00 ] ::1 /appapiheima4/index.php/Uploads/2017-07-12/5965cb4c4dd94.jpg
INFO: [ app_init ] --START--
INFO: Run Behavior\BuildLiteBehavior [ RunTime:0.000012s ]
INFO: [ app_init ] --END-- [ RunTime:0.000338s ]
ERR: 无法加载模块:Uploads

